<?xml version="1.0" encoding="UTF-8"?>
<testng-results skipped="0" failed="0" total="1" passed="1">
  <reporter-output>
  </reporter-output>
  <suite name="Default suite" duration-ms="34289" started-at="2016-11-24T10:44:05Z" finished-at="2016-11-24T10:44:40Z">
    <groups>
    </groups>
    <test name="Default test" duration-ms="34289" started-at="2016-11-24T10:44:05Z" finished-at="2016-11-24T10:44:40Z">
      <class name="sanaabbastest.SanaAbbasTestSuite">
        <test-method status="PASS" signature="beforeTest()[pri:0, instance:sanaabbastest.SanaAbbasTestSuite@4667ae56]" name="beforeTest" is-config="true" duration-ms="3423" started-at="2016-11-24T15:44:05Z" finished-at="2016-11-24T15:44:09Z">
          <reporter-output>
          </reporter-output>
        </test-method> <!-- beforeTest -->
        <test-method status="PASS" signature="SanaAbbasTest()[pri:0, instance:sanaabbastest.SanaAbbasTestSuite@4667ae56]" name="SanaAbbasTest" duration-ms="30716" started-at="2016-11-24T15:44:09Z" finished-at="2016-11-24T15:44:39Z">
          <reporter-output>
          </reporter-output>
        </test-method> <!-- SanaAbbasTest -->
        <test-method status="PASS" signature="afterTest()[pri:0, instance:sanaabbastest.SanaAbbasTestSuite@4667ae56]" name="afterTest" is-config="true" duration-ms="134" started-at="2016-11-24T15:44:39Z" finished-at="2016-11-24T15:44:40Z">
          <reporter-output>
          </reporter-output>
        </test-method> <!-- afterTest -->
      </class> <!-- sanaabbastest.SanaAbbasTestSuite -->
    </test> <!-- Default test -->
  </suite> <!-- Default suite -->
</testng-results>
