<?xml version="1.0" encoding="UTF-8"?>
<testng-results skipped="0" failed="0" total="1" passed="1">
  <reporter-output>
  </reporter-output>
  <suite name="Default suite" duration-ms="12807" started-at="2016-11-24T11:54:06Z" finished-at="2016-11-24T11:54:19Z">
    <groups>
    </groups>
    <test name="Default test" duration-ms="12807" started-at="2016-11-24T11:54:06Z" finished-at="2016-11-24T11:54:19Z">
      <class name="sanaabbastest.SanaAbbasTestSuite">
        <test-method status="PASS" signature="beforeTest()[pri:0, instance:sanaabbastest.SanaAbbasTestSuite@4667ae56]" name="beforeTest" is-config="true" duration-ms="933" started-at="2016-11-24T16:54:06Z" finished-at="2016-11-24T16:54:07Z">
          <reporter-output>
          </reporter-output>
        </test-method> <!-- beforeTest -->
        <test-method status="PASS" signature="SanaAbbasTest()[pri:0, instance:sanaabbastest.SanaAbbasTestSuite@4667ae56]" name="SanaAbbasTest" duration-ms="11793" started-at="2016-11-24T16:54:07Z" finished-at="2016-11-24T16:54:19Z">
          <reporter-output>
          </reporter-output>
        </test-method> <!-- SanaAbbasTest -->
        <test-method status="PASS" signature="afterTest()[pri:0, instance:sanaabbastest.SanaAbbasTestSuite@4667ae56]" name="afterTest" is-config="true" duration-ms="71" started-at="2016-11-24T16:54:19Z" finished-at="2016-11-24T16:54:19Z">
          <reporter-output>
          </reporter-output>
        </test-method> <!-- afterTest -->
      </class> <!-- sanaabbastest.SanaAbbasTestSuite -->
    </test> <!-- Default test -->
  </suite> <!-- Default suite -->
</testng-results>
